Warnings, critical warnings and errors from synthesis and implementation

Created: 2024-09-01 22:44:45

----SYNTHESIS----
WARNING: [Synth 8-5856] 3D RAM board_host_reg  for this pattern/configuration is not supported. This will most likely be implemented in registers
WARNING: [Synth 8-5856] 3D RAM board_guest_reg  for this pattern/configuration is not supported. This will most likely be implemented in registers
WARNING: [Synth 8-6014] Unused sequential element set_x.inc_reg was removed.  [rtl/Mouse/MouseCtl.vhd:450]
WARNING: [Synth 8-6014] Unused sequential element set_x.x_inter_reg was removed.  [rtl/Mouse/MouseCtl.vhd:456]
WARNING: [Synth 8-6014] Unused sequential element set_y.inc_reg was removed.  [rtl/Mouse/MouseCtl.vhd:514]
WARNING: [Synth 8-6014] Unused sequential element set_y.y_inter_reg was removed.  [rtl/Mouse/MouseCtl.vhd:520]
WARNING: [Synth 8-87] always_comb on 'data_reg' did not result in combinational logic [rtl/ship/ship_rom.sv:39]
WARNING: [Synth 8-87] always_comb on 'data_guest_reg' did not result in combinational logic [rtl/ship/ship_rom.sv:119]
WARNING: [Synth 8-327] inferring latch for variable 'data_reg' [rtl/ship/ship_rom.sv:39]
WARNING: [Synth 8-327] inferring latch for variable 'data_guest_reg' [rtl/ship/ship_rom.sv:119]
WARNING: [Synth 8-7080] Parallel synthesis criteria is not met
WARNING: [Synth 8-7129] Port mouse_xpos[11] in module logic_ctl is either unconnected or has no load
WARNING: [Synth 8-7129] Port mouse_xpos[10] in module logic_ctl is either unconnected or has no load
WARNING: [Synth 8-7129] Port mouse_xpos[9] in module logic_ctl is either unconnected or has no load
WARNING: [Synth 8-7129] Port mouse_ypos[11] in module logic_ctl is either unconnected or has no load
WARNING: [Synth 8-7129] Port mouse_ypos[10] in module logic_ctl is either unconnected or has no load
WARNING: [Synth 8-7129] Port mouse_ypos[9] in module logic_ctl is either unconnected or has no load
WARNING: [Synth 8-3332] Sequential element (data_reg[12]) is unused and will be removed from module ship_rom.
WARNING: [Synth 8-3332] Sequential element (data_reg[11]) is unused and will be removed from module ship_rom.
WARNING: [Synth 8-3332] Sequential element (data_reg[10]) is unused and will be removed from module ship_rom.
WARNING: [Synth 8-3332] Sequential element (data_reg[9]) is unused and will be removed from module ship_rom.
WARNING: [Synth 8-3332] Sequential element (data_reg[8]) is unused and will be removed from module ship_rom.
WARNING: [Synth 8-3332] Sequential element (data_reg[7]) is unused and will be removed from module ship_rom.
WARNING: [Synth 8-3332] Sequential element (data_reg[6]) is unused and will be removed from module ship_rom.
WARNING: [Synth 8-3332] Sequential element (data_reg[5]) is unused and will be removed from module ship_rom.
WARNING: [Synth 8-3332] Sequential element (data_reg[4]) is unused and will be removed from module ship_rom.
WARNING: [Synth 8-3332] Sequential element (data_reg[3]) is unused and will be removed from module ship_rom.
WARNING: [Synth 8-3332] Sequential element (data_reg[2]) is unused and will be removed from module ship_rom.
WARNING: [Synth 8-3332] Sequential element (data_reg[1]) is unused and will be removed from module ship_rom.
WARNING: [Synth 8-3332] Sequential element (data_reg[0]) is unused and will be removed from module ship_rom.
WARNING: [Synth 8-3332] Sequential element (data_guest_reg[12]) is unused and will be removed from module ship_rom.
WARNING: [Synth 8-3332] Sequential element (data_guest_reg[11]) is unused and will be removed from module ship_rom.
WARNING: [Synth 8-3332] Sequential element (data_guest_reg[10]) is unused and will be removed from module ship_rom.
WARNING: [Synth 8-3332] Sequential element (data_guest_reg[9]) is unused and will be removed from module ship_rom.
WARNING: [Synth 8-3332] Sequential element (data_guest_reg[8]) is unused and will be removed from module ship_rom.
WARNING: [Synth 8-3332] Sequential element (data_guest_reg[7]) is unused and will be removed from module ship_rom.
WARNING: [Synth 8-3332] Sequential element (data_guest_reg[6]) is unused and will be removed from module ship_rom.
WARNING: [Synth 8-3332] Sequential element (data_guest_reg[5]) is unused and will be removed from module ship_rom.
WARNING: [Synth 8-3332] Sequential element (data_guest_reg[4]) is unused and will be removed from module ship_rom.
WARNING: [Synth 8-3332] Sequential element (data_guest_reg[3]) is unused and will be removed from module ship_rom.
WARNING: [Synth 8-3332] Sequential element (data_guest_reg[2]) is unused and will be removed from module ship_rom.
WARNING: [Synth 8-3332] Sequential element (data_guest_reg[1]) is unused and will be removed from module ship_rom.
WARNING: [Synth 8-3332] Sequential element (data_guest_reg[0]) is unused and will be removed from module ship_rom.

----IMPLEMENTATION----
CLEAR :)
